"../../../../../../Users/utente/Desktop/SpaceShooter/Content/Assets/Materials/Flat/M_Flat.uasset" 0
"../../../../../../Users/utente/Desktop/SpaceShooter/Content/Assets/Materials/Flat/M_FlatBG_I.uasset" 1
"../../../../../../Users/utente/Desktop/SpaceShooter/Content/Assets/Materials/M_FlatBG_I.uasset" 2
"../../../../../../Users/utente/Desktop/SpaceShooter/Content/Assets/Materials/Flat/M_FlatWall_I1.uasset" 3
"../../../../../../Users/utente/Desktop/SpaceShooter/Content/Assets/Materials/M_FlatWall_I1.uasset" 4
"../../../../../../Users/utente/Desktop/SpaceShooter/Content/Assets/Materials/M_Pixel_Cube.uasset" 5
"../../../../../../Users/utente/Desktop/SpaceShooter/Content/Assets/Materials/M_Pixel_Cube_Enemy_Inst.uasset" 6
"../../../../../../Users/utente/Desktop/SpaceShooter/Content/Assets/Materials/M_Pixel_Cube_Enemy_2_Inst.uasset" 7
"../../../../../../Users/utente/Desktop/SpaceShooter/Content/Assets/Meshes/SM_Pixel_Enemy_1.uasset" 8
"../../../../../../Users/utente/Desktop/SpaceShooter/Content/Assets/Materials/M_Pixel_Cube_Blue_Inst.uasset" 9
"../../../../../../Users/utente/Desktop/SpaceShooter/Content/Assets/Meshes/SM_Pixel_Player.uasset" 10
"../../../../../../Users/utente/Desktop/SpaceShooter/Content/Assets/Materials/M_Pixel_Cube_Particle.uasset" 11
"../../../../../../Users/utente/Desktop/SpaceShooter/Content/Assets/Materials/M_Radial_Gradient.uasset" 12
"../../../Engine/Content/EngineMaterials/DefaultDiffuse.uasset" 13
"../../../Engine/Content/EngineMaterials/EmissiveTexturedMaterial.uasset" 14
"../../../Engine/Content/EngineMeshes/ParticleCube.uasset" 15
"../../../../../../Users/utente/Desktop/SpaceShooter/Content/Assets/Particles/P_Pixel_Engine.uasset" 16
"../../../../../../Users/utente/Desktop/SpaceShooter/Content/Assets/Textures/T_sunflare.uasset" 17
"../../../../../../Users/utente/Desktop/SpaceShooter/Content/Assets/Materials/m_flare_03.uasset" 18
"../../../../../../Users/utente/Desktop/SpaceShooter/Content/Assets/Particles/P_Pixel_Explosion.uasset" 19
"../../../../../../Users/utente/Desktop/SpaceShooter/Content/Assets/Particles/P_Pixel_Explosion_Player.uasset" 20
"../../../../../../Users/utente/Desktop/SpaceShooter/Content/Blueprints/GameInstance/BP_MyGameInstance.uasset" 21
"../../../../../../Users/utente/Desktop/SpaceShooter/Content/Blueprints/Cameras/BP_GameplayCamera.uasset" 22
"../../../../../../Users/utente/Desktop/SpaceShooter/Content/Blueprints/GUI/Blueprints/BP_MyButton.uasset" 23
"../../../../../../Users/utente/Desktop/SpaceShooter/Content/Blueprints/GUI/Blueprints/BP_GameOverGUI.uasset" 24
"../../../../../../Users/utente/Desktop/SpaceShooter/Content/Blueprints/GUI/Blueprints/BP_InGameGUI.uasset" 25
"../../../../../../Users/utente/Desktop/SpaceShooter/Content/Blueprints/GUI/Blueprints/BP_PauseMenuGUI.uasset" 26
"../../../../../../Users/utente/Desktop/SpaceShooter/Content/ExampleContent/Blueprint_Communication/Textures/T_Crosshair_M.uasset" 27
"../../../../../../Users/utente/Desktop/SpaceShooter/Content/Blueprints/GUI/Blueprints/BP_SlotGUI.uasset" 28
"../../../../../../Users/utente/Desktop/SpaceShooter/Content/Blueprints/GUI/Blueprints/BP_SaveLoadGUI.uasset" 29
"../../../../../../Users/utente/Desktop/SpaceShooter/Content/Blueprints/HUD/BP_InGameHUD.uasset" 30
"../../../../../../Users/utente/Desktop/SpaceShooter/Content/Assets/Materials/Glow/M_Glow.uasset" 31
"../../../../../../Users/utente/Desktop/SpaceShooter/Content/Assets/Materials/Glow/M_GlowProjectile.uasset" 32
"../../../../../../Users/utente/Desktop/SpaceShooter/Content/Assets/Meshes/SM_Pixel_Cube.uasset" 33
"../../../../../../Users/utente/Desktop/SpaceShooter/Content/Blueprints/Projectiles/BP_ProjectilePlayerPrimary.uasset" 34
"../../../../../../Users/utente/Desktop/SpaceShooter/Content/Blueprints/Projectiles/BP_ProjectilePlayerSecondary.uasset" 35
"../../../../../../Users/utente/Desktop/SpaceShooter/Content/Blueprints/Pawns/CurveFloat.uasset" 36
"../../../../../../Users/utente/Desktop/SpaceShooter/Content/Assets/Materials/Glow/M_GlowPlayerArmour.uasset" 37
"../../../../../../Users/utente/Desktop/SpaceShooter/Content/Assets/Materials/Glow/M_GlowPlayerBody.uasset" 38
"../../../../../../Users/utente/Desktop/SpaceShooter/Content/Assets/Meshes/SM_Pixel_Player_Blend.uasset" 39
"../../../../../../Users/utente/Desktop/SpaceShooter/Content/Blueprints/GUI/Blueprints/BP_CrossHairGUI.uasset" 40
"../../../../../../Users/utente/Desktop/SpaceShooter/Content/Blueprints/Pawns/BP_MyPawn.uasset" 41
"../../../../../../Users/utente/Desktop/SpaceShooter/Content/Blueprints/GameModes/BP_MyGameModeBase.uasset" 42
"../../../Engine/Content/Animation/DefaultAnimCurveCompressionSettings.uasset" 43
"../../../Engine/Content/Functions/Engine_MaterialFunctions01/Opacity/CameraDepthFade.uasset" 44
"../../../Engine/Content/EngineMaterials/T_Default_Material_Grid_M.uasset" 45
"../../../Engine/Content/EngineMaterials/T_Default_Material_Grid_N.uasset" 46
"../../../Engine/Content/EngineMaterials/WorldGridMaterial.uasset" 47
"../../../Engine/Content/ArtTools/RenderToTexture/Meshes/S_1_Unit_Plane.uasset" 48
"../../../Engine/Content/EngineMaterials/DefaultMaterial.uasset" 49
"../../../Engine/Content/BasicShapes/Cone.uasset" 50
"../../../Engine/Content/BasicShapes/Cylinder.uasset" 51
"../../../Engine/Content/BasicShapes/Sphere.uasset" 52
"../../../Engine/Content/EditorLandscapeResources/DataLayer.uasset" 53
"../../../Engine/Content/EditorMaterials/GizmoMaterial.uasset" 54
"../../../Engine/Content/EditorMaterials/MAT_Groups_Toggle.uasset" 55
"../../../Engine/Content/EditorMaterials/MAT_Groups_Visibility.uasset" 56
"../../../Engine/Content/EditorMaterials/PreviewShadowIndicator.uasset" 57
"../../../Engine/Content/EditorMaterials/PreviewShadowIndicatorMaterial.uasset" 58
"../../../Engine/Content/EditorMaterials/MatineeGroups/MAT_ColorTrack.uasset" 59
"../../../Engine/Content/EditorMaterials/MatineeGroups/MAT_Groups_Anim.uasset" 60
"../../../Engine/Content/EditorMaterials/MatineeGroups/MAT_Groups_AudioMaster.uasset" 61
"../../../Engine/Content/EditorMaterials/MatineeGroups/MAT_Groups_Director.uasset" 62
"../../../Engine/Content/EditorMaterials/MatineeGroups/MAT_Groups_Event.uasset" 63
"../../../Engine/Content/EditorMaterials/MatineeGroups/MAT_Groups_Fade.uasset" 64
"../../../Engine/Content/EditorMaterials/MatineeGroups/MAT_Groups_Float.uasset" 65
"../../../Engine/Content/EditorMaterials/MatineeGroups/MAT_Groups_Move.uasset" 66
"../../../Engine/Content/EditorMaterials/MatineeGroups/MAT_Groups_Slomo.uasset" 67
"../../../Engine/Content/EditorMaterials/MatineeGroups/MAT_Groups_Sound.uasset" 68
"../../../Engine/Content/EditorMaterials/MatineeGroups/MAT_Groups_Vector.uasset" 69
"../../../Engine/Content/EditorMaterials/ParticleSystems/PSysThumbnail_NoImage.uasset" 70
"../../../Engine/Content/EditorMaterials/ParticleSystems/PSysThumbnail_OOD.uasset" 71
"../../../Engine/Content/EditorMaterials/Camera/CineMat.uasset" 72
"../../../Engine/Content/EditorMaterials/Camera/MI_CineMat_Rig.uasset" 73
"../../../Engine/Content/EditorMeshes/Camera/SM_CraneRig_Arm.uasset" 74
"../../../Engine/Content/EditorMeshes/Camera/SM_CraneRig_Base.uasset" 75
"../../../Engine/Content/EditorMeshes/Camera/SM_CraneRig_Body.uasset" 76
"../../../Engine/Content/EditorMeshes/Camera/SM_CraneRig_Mount.uasset" 77
"../../../Engine/Content/EditorMeshes/Camera/SM_RailRig_Mount.uasset" 78
"../../../Engine/Content/EditorMeshes/Camera/SM_RailRig_Track.uasset" 79
"../../../Engine/Content/EditorResources/BSPVertex.uasset" 80
"../../../Engine/Content/EditorResources/EmptyActor.uasset" 81
"../../../Engine/Content/EditorResources/S_Actor.uasset" 82
"../../../Engine/Content/EditorResources/S_Note.uasset" 83
"../../../Engine/Content/EditorResources/S_Trigger.uasset" 84
"../../../Engine/Content/EditorResources/LightIcons/S_LightError.uasset" 85
"../../../Engine/Content/EditorResources/SequenceRecorder/Countdown.uasset" 86
"../../../Engine/Content/EditorResources/SequenceRecorder/RecordingIndicator.uasset" 87
"../../../Engine/Content/EditorSounds/Notifications/CompileFailed.uasset" 88
"../../../Engine/Content/EditorSounds/Notifications/CompileFailed_Cue.uasset" 89
"../../../Engine/Content/EditorSounds/Notifications/CompileSuccess.uasset" 90
"../../../Engine/Content/EditorSounds/Notifications/CompileStart_Cue.uasset" 91
"../../../Engine/Content/EditorSounds/Notifications/CompileSuccess_Cue.uasset" 92
"../../../Engine/Content/EngineDamageTypes/DmgTypeBP_Environmental.uasset" 93
"../../../Engine/Content/EngineDebugMaterials/HeatmapGradient.uasset" 94
"../../../Engine/Content/EngineDebugMaterials/BoneWeightMaterial.uasset" 95
"../../../Engine/Content/EngineDebugMaterials/ClothMaterial.uasset" 96
"../../../Engine/Content/EngineDebugMaterials/ClothMaterial_WF.uasset" 97
"../../../Engine/Content/EngineDebugMaterials/DebugEditorMaterial.uasset" 98
"../../../Engine/Content/EngineDebugMaterials/DebugMeshMaterial.uasset" 99
"../../../Engine/Content/EngineDebugMaterials/GeomMaterial.uasset" 100
"../../../Engine/Content/EngineDebugMaterials/M_SimpleTranslucent.uasset" 101
"../../../Engine/Content/EngineFonts/Faces/RobotoBold.uasset" 102
"../../../Engine/Content/EngineFonts/Faces/RobotoBoldItalic.uasset" 103
"../../../Engine/Content/EngineFonts/Faces/RobotoItalic.uasset" 104
"../../../Engine/Content/EngineFonts/Faces/RobotoLight.uasset" 105
"../../../Engine/Content/EngineFonts/Faces/RobotoRegular.uasset" 106
"../../../Engine/Content/EngineFonts/Roboto.uasset" 107
"../../../Engine/Content/EngineFonts/Faces/RobotoTiny.uasset" 108
"../../../Engine/Content/EngineFonts/RobotoTiny.uasset" 109
"../../../Engine/Content/EngineMaterials/BaseFlattenDiffuseMap.uasset" 110
"../../../Engine/Content/EngineMaterials/BaseFlattenEmissiveMap.uasset" 111
"../../../Engine/Content/EngineMaterials/BaseFlattenGrayscaleMap.uasset" 112
"../../../Engine/Content/EngineMaterials/BaseFlattenNormalMap.uasset" 113
"../../../Engine/Content/EngineMaterials/BaseFlattenMaterial.uasset" 114
"../../../Engine/Content/EngineMaterials/DefaultBloomKernel.uasset" 115
"../../../Engine/Content/EngineMaterials/DefaultBokeh.uasset" 116
"../../../Engine/Content/EngineMaterials/DefaultDeferredDecalMaterial.uasset" 117
"../../../Engine/Content/EngineMaterials/DefaultLightFunctionMaterial.uasset" 118
"../../../Engine/Content/EngineMaterials/DefaultPhysicalMaterial.uasset" 119
"../../../Engine/Content/Functions/Engine_MaterialFunctions02/Utility/BreakOutFloat2Components.uasset" 120
"../../../Engine/Content/EngineMaterials/DefaultPostProcessMaterial.uasset" 121
"../../../Engine/Content/EngineFonts/RobotoDistanceField.uasset" 122
"../../../Engine/Content/EngineMaterials/DefaultTextMaterialOpaque.uasset" 123
"../../../Engine/Content/EngineMaterials/DefaultWhiteGrid.uasset" 124
"../../../Engine/Content/EngineMaterials/EditorBrushMaterial.uasset" 125
"../../../Engine/Content/EngineMaterials/Good64x64TilingNoiseHighFreq.uasset" 126
"../../../Engine/Content/EngineMaterials/MiniFont.uasset" 127
"../../../Engine/Content/EngineMaterials/InvalidLightmapSettings.uasset" 128
"../../../Engine/Content/EngineMaterials/M_InvalidLightmapSettings.uasset" 129
"../../../Engine/Content/Functions/Engine_MaterialFunctions02/WorldPositionOffset/CameraOffset.uasset" 130
"../../../Engine/Content/EngineMaterials/PhAT_JointLimitMaterial.uasset" 131
"../../../Engine/Content/EngineMaterials/PreintegratedSkinBRDF.uasset" 132
"../../../Engine/Content/EngineMaterials/RemoveSurfaceMaterial.uasset" 133
"../../../Engine/Content/EngineMaterials/WeightMapPlaceholderTexture.uasset" 134
"../../../Engine/Content/EngineResources/WhiteSquareTexture.uasset" 135
"../../../Engine/Content/EngineMaterials/Widget3DPassThrough.uasset" 136
"../../../Engine/Content/EngineMaterials/Widget3DPassThrough_Masked.uasset" 137
"../../../Engine/Content/EngineMaterials/Widget3DPassThrough_Opaque.uasset" 138
"../../../Engine/Content/EngineMaterials/Widget3DPassThrough_Masked_OneSided.uasset" 139
"../../../Engine/Content/EngineMaterials/Widget3DPassThrough_Opaque_OneSided.uasset" 140
"../../../Engine/Content/EngineMaterials/Widget3DPassThrough_Translucent.uasset" 141
"../../../Engine/Content/EngineMaterials/Widget3DPassThrough_Translucent_OneSided.uasset" 142
"../../../Engine/Content/EngineMeshes/Cylinder.uasset" 143
"../../../Engine/Content/EngineMeshes/Sphere.uasset" 144
"../../../Engine/Content/EngineResources/Black.uasset" 145
"../../../Engine/Content/EngineResources/DefaultTexture.uasset" 146
"../../../Engine/Content/EngineResources/DefaultTextureCube.uasset" 147
"../../../Engine/Content/EngineResources/DefaultVolumeTexture2D.uasset" 148
"../../../Engine/Content/EngineResources/DefaultVolumeTexture.uasset" 149
"../../../Engine/Content/EngineResources/GradientTexture0.uasset" 150
"../../../Engine/Content/EngineSounds/Master.uasset" 151
"../../../Engine/Content/Functions/Engine_MaterialFunctions01/Shading/ConvertFromDiffSpec.uasset" 152
"../../../Engine/Content/Functions/Engine_MaterialFunctions01/Shading/PowerToRoughness.uasset" 153
"../../../Engine/Content/Maps/Templates/Thumbnails/Default.uasset" 154
"../../../Engine/Content/Maps/Templates/Thumbnails/VR-Basic.uasset" 155
"../../../Engine/Content/MobileResources/T_MobileControls_texture.uasset" 156
"../../../Engine/Content/MobileResources/T_MobileMenu2.uasset" 157
"../../../Engine/Content/MobileResources/HUD/AnalogHat.uasset" 158
"../../../Engine/Content/MobileResources/HUD/VirtualJoystick_Background.uasset" 159
"../../../Engine/Content/MobileResources/HUD/VirtualJoystick_Thumb.uasset" 160
"../../../Engine/Content/MobileResources/HUD/DefaultVirtualJoysticks.uasset" 161
"../../../Engine/Content/MobileResources/HUD/LeftVirtualJoystickOnly.uasset" 162
"../../../Engine/Content/MobileResources/HUD/MobileHUDButton1_off.uasset" 163
"../../../Engine/Content/MobileResources/HUD/MobileHUDButton1_on.uasset" 164
"../../../Engine/Content/MobileResources/HUD/MobileHUDButton2_off.uasset" 165
"../../../Engine/Content/MobileResources/HUD/MobileHUDButton2_on.uasset" 166
"../../../Engine/Content/MobileResources/HUD/MobileHUDButton3.uasset" 167
"../../../Engine/Content/MobileResources/HUD/MobileHUDButtonFire.uasset" 168
"../../../Engine/Content/MobileResources/HUD/MobileHUDDirectionPad.uasset" 169
"../../../Engine/Content/MobileResources/HUD/MobileHUDDirectionPad2.uasset" 170
"../../../Engine/Content/MobileResources/HUD/MobileHUDDirectionPad3.uasset" 171
"../../../Engine/Content/MobileResources/HUD/MobileHUDDirectionStick.uasset" 172
"../../../Engine/Content/MobileResources/HUD/T_Castle_ThumbstickInner.uasset" 173
"../../../Engine/Content/MobileResources/HUD/T_Castle_ThumbstickOutter.uasset" 174
"../../../Engine/Content/Tutorial/ContentIntroCurve.uasset" 175
"../../../Engine/Content/Tutorial/Basics/LevelEditorAttract.uasset" 176
"../../../Engine/Content/Tutorial/Basics/TutorialAssets/icon_tab_Levels_40x.uasset" 177
"../../../Engine/Content/Tutorial/Basics/LevelEditorOverview.uasset" 178
"../../../Engine/Content/Tutorial/BlueprintTutorials/TutorialAssets/Blueprint_64x.uasset" 179
"../../../Engine/Content/Tutorial/BlueprintTutorials/BlueprintEditorTutorial.uasset" 180
"../../../Engine/Content/Tutorial/BlueprintTutorials/TutorialAssets/BlueprintInterface_64x.uasset" 181
"../../../Engine/Content/Tutorial/BlueprintTutorials/BlueprintInterfacesEditorOverview.uasset" 182
"../../../Engine/Content/Tutorial/BlueprintTutorials/LevelBlueprintEditorOverview.uasset" 183
"../../../Engine/Content/Tutorial/BlueprintTutorials/TutorialAssets/Tutorial_BP_Interface.uasset" 184
"../../../Engine/Content/Tutorial/Code/AddingCode.uasset" 185
"../../../Engine/Content/Tutorial/Foliage/TutorialAssets/Foliage.uasset" 186
"../../../Engine/Content/Tutorial/Foliage/FoliageWalkThrough.uasset" 187
"../../../Engine/Content/Tutorial/Foliage/Foliage_Intro_Tutorial.uasset" 188
"../../../Engine/Content/Tutorial/Foliage/Foliage_Settings_Tutorial.uasset" 189
"../../../Engine/Content/Tutorial/Foliage/Foliage_Using_The_Tool_Tutorial.uasset" 190
"../../../Engine/Content/Tutorial/Paper2D/TutorialAssets/Paper2DFlipbook_TutorialIcon.uasset" 191
"../../../Engine/Content/Tutorial/Paper2D/FlipbookEditorTutorial.uasset" 192
"../../../Engine/Content/Tutorial/SubEditors/GettingSubstance.uasset" 193
"../../../Engine/Content/Tutorial/SubEditors/MaterialEditorTutorial.uasset" 194
"../../../Engine/Content/Tutorial/SubEditors/TutorialAssets/TutorialMaterial.uasset" 195
"../../../Engine/Content/VREditor/LaserPointer/VR_LaserPower_01.uasset" 196
"../../../Engine/Content/VREditor/TransformGizmo/TransformGizmoMaterial.uasset" 197
"../../../Engine/Content/VREditor/TransformGizmo/TranslucentTransformGizmoMaterial.uasset" 198
"../../../Engine/Content/VREditor/TransformGizmo/BoundingBoxCorner.uasset" 199
"../../../Engine/Content/VREditor/TransformGizmo/BoundingBoxEdge.uasset" 200
"../../../Engine/Content/VREditor/TransformGizmo/PlaneTranslationHandle.uasset" 201
"../../../Engine/Content/VREditor/TransformGizmo/Main.uasset" 202
"../../../Engine/Content/VREditor/TransformGizmo/Xray.uasset" 203
"../../../Engine/Content/VREditor/TransformGizmo/SM_Sequencer_Key.uasset" 204
"../../../Engine/Content/VREditor/TransformGizmo/SM_Sequencer_Node.uasset" 205
"../../Plugins/2D/Paper2D/Content/PlaceholderTextures/DummySpriteTexture.uasset" 206
"../../Plugins/2D/Paper2D/Content/DummySprite.uasset" 207
"../../Plugins/2D/Paper2D/Content/DefaultPaperTerrainMaterial.uasset" 208
"../../Plugins/2D/Paper2D/Content/DummySpriteTexture.uasset" 209
"../../Plugins/2D/Paper2D/Content/DefaultSpriteMaterial.uasset" 210
"../../Plugins/2D/Paper2D/Content/MaskedUnlitSpriteMaterial.uasset" 211
"../../Plugins/2D/Paper2D/Content/OpaqueUnlitSpriteMaterial.uasset" 212
"../../Plugins/Runtime/Oculus/OculusVR/Content/OculusMR_RenderTarget.uasset" 213
"../../../Engine/Content/Functions/Engine_MaterialFunctions02/Utility/BreakOutFloat4Components.uasset" 214
"../../../Engine/Content/Functions/Engine_MaterialFunctions02/Utility/MakeFloat2.uasset" 215
"../../../Engine/Content/Functions/Engine_MaterialFunctions02/Utility/MakeFloat3.uasset" 216
"../../Plugins/Runtime/Oculus/OculusVR/Content/Materials/OculusMR_ChromaKey.uasset" 217
"../../Plugins/Runtime/Oculus/OculusVR/Content/Materials/OculusMR_ChromaKey_Lit.uasset" 218
"../../Plugins/Runtime/Oculus/OculusVR/Content/Materials/OculusMR_OpaqueColoredMaterial.uasset" 219
"../../Plugins/Runtime/Oculus/OculusVR/Content/Materials/OculusMR_WhiteMaterial.uasset" 220
"../../Plugins/Runtime/Oculus/OculusVR/Content/Materials/PokeAHoleMaterial.uasset" 221
"../../Plugins/Runtime/Oculus/OculusVR/Content/Textures/GearVRController_AO.uasset" 222
"../../Plugins/Runtime/Oculus/OculusVR/Content/Textures/GearVRController_Color.uasset" 223
"../../Plugins/Runtime/Oculus/OculusVR/Content/Textures/GearVRController_Normal.uasset" 224
"../../Plugins/Runtime/Oculus/OculusVR/Content/Materials/GearVRControllerMaterial.uasset" 225
"../../Plugins/Runtime/Oculus/OculusVR/Content/Meshes/GearVrController.uasset" 226
"../../Plugins/Runtime/Oculus/OculusVR/Content/Textures/touchController_albedo.uasset" 227
"../../Plugins/Runtime/Oculus/OculusVR/Content/Textures/touchController_controlmap.uasset" 228
"../../Plugins/Runtime/Oculus/OculusVR/Content/Materials/touchController_mat.uasset" 229
"../../Plugins/Runtime/Oculus/OculusVR/Content/Meshes/LeftTouchController.uasset" 230
"../../Plugins/Runtime/Oculus/OculusVR/Content/Meshes/RiftHMD.uasset" 231
"../../Plugins/Runtime/Oculus/OculusVR/Content/Meshes/RightTouchController.uasset" 232
"../../../../../../Users/utente/Desktop/SpaceShooter/Content/Blueprints/Enemies/BP_EnemyAsteroid.uasset" 233
"../../../../../../Users/utente/Desktop/SpaceShooter/Content/Blueprints/Projectiles/BP_ProjectileEnemyOne.uasset" 234
"../../../../../../Users/utente/Desktop/SpaceShooter/Content/Blueprints/Enemies/EnemyCurve.uasset" 235
"../../../../../../Users/utente/Desktop/SpaceShooter/Content/Assets/Materials/Glow/M_GlowEnemyBody.uasset" 236
"../../../../../../Users/utente/Desktop/SpaceShooter/Content/Assets/Meshes/SM_Pixel_Enemy_1_Blend.uasset" 237
"../../../../../../Users/utente/Desktop/SpaceShooter/Content/Blueprints/GUI/Blueprints/BP_EnemyHealthBarGUI.uasset" 238
"../../../../../../Users/utente/Desktop/SpaceShooter/Content/Blueprints/Enemies/BP_EnemyOne.uasset" 239
"../../../../../../Users/utente/Desktop/SpaceShooter/Content/Blueprints/Projectiles/BP_ProjectileEnemyTwo.uasset" 240
"../../../../../../Users/utente/Desktop/SpaceShooter/Content/Blueprints/Enemies/BP_EnemyTwo.uasset" 241
"../../../../../../Users/utente/Desktop/SpaceShooter/Content/Blueprints/Enemies/BP_EnemySpawner.uasset" 242
"../../../../../../Users/utente/Desktop/SpaceShooter/Content/Maps/Main_BuiltData.uasset" 243
"../../../Engine/Content/BasicShapes/BasicShapeMaterial.uasset" 244
"../../../Engine/Content/BasicShapes/Cube.uasset" 245
"../../../Engine/Content/BasicShapes/Plane.uasset" 246
"../../../../../../Users/utente/Desktop/SpaceShooter/Content/Maps/Main.umap" 247
"../../../../../../Users/utente/Desktop/SpaceShooter/Content/Blueprints/GUI/Textures/T_MainMenuBackground.uasset" 248
"../../../../../../Users/utente/Desktop/SpaceShooter/Content/Blueprints/GUI/Blueprints/BP_MainMenu.uasset" 249
"../../../../../../Users/utente/Desktop/SpaceShooter/Content/Blueprints/GameModes/BP_MainMenu_GameMode.uasset" 250
"../../../../../../Users/utente/Desktop/SpaceShooter/Content/Maps/MainMenu.umap" 251
"../../../Engine/Content/Maps/Entry_BuiltData.uasset" 252
"../../../Engine/Content/Maps/Entry.umap" 253
