"C:/Users/utente/Desktop/SpaceShooter/SpaceShooter.uproject" 1
"../../../../../../Users/utente/Desktop/SpaceShooter/Binaries/Win64/UE4Editor.modules" 2
"../../../Engine/Plugins/2D/Paper2D/Paper2D.uplugin" 3
"../../../Engine/Plugins/AI/AISupport/AISupport.uplugin" 4
"../../../Engine/Plugins/AI/HTNPlanner/HTNPlanner.uplugin" 5
"../../../Engine/Plugins/Animation/LiveLink/LiveLink.uplugin" 6
"../../../Engine/Plugins/Animation/LiveLinkCurveDebugUI/LiveLinkCurveDebugUI.uplugin" 7
"../../../Engine/Plugins/Blendables/LightPropagationVolume/LightPropagationVolume.uplugin" 8
"../../../Engine/Plugins/Compositing/Composure/Composure.uplugin" 9
"../../../Engine/Plugins/Compositing/LensDistortion/LensDistortion.uplugin" 10
"../../../Engine/Plugins/Compositing/OpenColorIO/OpenColorIO.uplugin" 11
"../../../Engine/Plugins/Compositing/OpenCVLensDistortion/OpenCVLensDistortion.uplugin" 12
"../../../Engine/Plugins/Developer/ActorLayerUtilities/ActorLayerUtilities.uplugin" 13
"../../../Engine/Plugins/Developer/AnimationSharing/AnimationSharing.uplugin" 14
"../../../Engine/Plugins/Developer/BlankPlugin/BlankPlugin.uplugin" 15
"../../../Engine/Plugins/Developer/CLionSourceCodeAccess/CLionSourceCodeAccess.uplugin" 16
"../../../Engine/Plugins/Developer/CodeLiteSourceCodeAccess/CodeLiteSourceCodeAccess.uplugin" 17
"../../../Engine/Plugins/Developer/Concert/ConcertFrontend/ConcertFrontend.uplugin" 18
"../../../Engine/Plugins/Developer/Concert/ConcertMain/ConcertMain.uplugin" 19
"../../../Engine/Plugins/Developer/Concert/ConcertSync/ConcertSyncClient/ConcertSyncClient.uplugin" 20
"../../../Engine/Plugins/Developer/Concert/ConcertSync/ConcertSyncCore/ConcertSyncCore.uplugin" 21
"../../../Engine/Plugins/Developer/Concert/ConcertSync/ConcertSyncServer/ConcertSyncServer.uplugin" 22
"../../../Engine/Plugins/Developer/Concert/ConcertSync/ConcertSyncTest/ConcertSyncTest.uplugin" 23
"../../../Engine/Plugins/Developer/GitSourceControl/GitSourceControl.uplugin" 24
"../../../Engine/Plugins/Developer/KDevelopSourceCodeAccess/KDevelopSourceCodeAccess.uplugin" 25
"../../../Engine/Plugins/Developer/NullSourceCodeAccess/NullSourceCodeAccess.uplugin" 26
"../../../Engine/Plugins/Developer/OneSkyLocalizationService/OneSkyLocalizationService.uplugin" 27
"../../../Engine/Plugins/Developer/PerforceSourceControl/PerforceSourceControl.uplugin" 28
"../../../Engine/Plugins/Developer/RenderDocPlugin/RenderDocPlugin.uplugin" 29
"../../../Engine/Plugins/Developer/SubversionSourceControl/SubversionSourceControl.uplugin" 30
"../../../Engine/Plugins/Developer/UObjectPlugin/UObjectPlugin.uplugin" 31
"../../../Engine/Plugins/Developer/VisualStudioCodeSourceCodeAccess/VisualStudioCodeSourceCodeAccess.uplugin" 32
"../../../Engine/Plugins/Developer/VisualStudioSourceCodeAccess/VisualStudioSourceCodeAccess.uplugin" 33
"../../../Engine/Plugins/Developer/XCodeSourceCodeAccess/XCodeSourceCodeAccess.uplugin" 34
"../../../Engine/Plugins/Editor/AssetManagerEditor/AssetManagerEditor.uplugin" 35
"../../../Engine/Plugins/Editor/BlueprintMaterialTextureNodes/BlueprintMaterialTextureNodes.uplugin" 36
"../../../Engine/Plugins/Editor/CryptoKeys/CryptoKeys.uplugin" 37
"../../../Engine/Plugins/Editor/DataValidation/DataValidation.uplugin" 38
"../../../Engine/Plugins/Editor/EditorScriptingUtilities/EditorScriptingUtilities.uplugin" 39
"../../../Engine/Plugins/Editor/FacialAnimation/FacialAnimation.uplugin" 40
"../../../Engine/Plugins/Editor/GameplayTagsEditor/GameplayTagsEditor.uplugin" 41
"../../../Engine/Plugins/Editor/GLTFImporter/GLTFImporter.uplugin" 42
"../../../Engine/Plugins/Editor/MacGraphicsSwitching/MacGraphicsSwitching.uplugin" 43
"../../../Engine/Plugins/Editor/MaterialAnalyzer/MaterialAnalyzer.uplugin" 44
"../../../Engine/Plugins/Editor/MeshEditor/MeshEditor.uplugin" 45
"../../../Engine/Plugins/Editor/MobileLauncherProfileWizard/MobileLauncherProfileWizard.uplugin" 46
"../../../Engine/Plugins/Editor/PluginBrowser/PluginBrowser.uplugin" 47
"../../../Engine/Plugins/Editor/SpeedTreeImporter/SpeedTreeImporter.uplugin" 48
"../../../Engine/Plugins/Enterprise/DatasmithContent/DatasmithContent.uplugin" 49
"../../../Engine/Plugins/Enterprise/VariantManagerContent/VariantManagerContent.uplugin" 50
"../../../Engine/Plugins/Experimental/AlembicImporter/AlembicImporter.uplugin" 51
"../../../Engine/Plugins/Experimental/AppleImageUtils/AppleImageUtils.uplugin" 52
"../../../Engine/Plugins/Experimental/AppleVision/AppleVision.uplugin" 53
"../../../Engine/Plugins/Experimental/AR/PointCloud/PointCloud.uplugin" 54
"../../../Engine/Plugins/Experimental/BackChannel/BackChannel.uplugin" 55
"../../../Engine/Plugins/Experimental/BlastPlugin/BlastPlugin.uplugin" 56
"../../../Engine/Plugins/Experimental/BlueprintStats/BlueprintStats.uplugin" 57
"../../../Engine/Plugins/Experimental/ChaosCloth/ChaosCloth.uplugin" 58
"../../../Engine/Plugins/Experimental/ChaosNiagara/ChaosNiagara.uplugin" 59
"../../../Engine/Plugins/Experimental/ChaosSolverPlugin/ChaosSolverPlugin.uplugin" 60
"../../../Engine/Plugins/Experimental/CharacterAI/CharacterAI.uplugin" 61
"../../../Engine/Plugins/Experimental/CodeEditor/CodeEditor.uplugin" 62
"../../../Engine/Plugins/Experimental/CodeView/CodeView.uplugin" 63
"../../../Engine/Plugins/Experimental/ControlRig/ControlRig.uplugin" 64
"../../../Engine/Plugins/Experimental/FieldSystemPlugin/FieldSystemPlugin.uplugin" 65
"../../../Engine/Plugins/Experimental/Gauntlet/Gauntlet.uplugin" 66
"../../../Engine/Plugins/Experimental/GeometryCache/GeometryCache.uplugin" 67
"../../../Engine/Plugins/Experimental/GeometryCollectionPlugin/GeometryCollectionPlugin.uplugin" 68
"../../../Engine/Plugins/Experimental/HTML5Networking/HTML5Networking.uplugin" 69
"../../../Engine/Plugins/Experimental/ImagePlate/ImagePlate.uplugin" 70
"../../../Engine/Plugins/Experimental/PixelStreaming/PixelStreaming.uplugin" 71
"../../../Engine/Plugins/Experimental/PlatformCrypto/PlatformCrypto.uplugin" 72
"../../../Engine/Plugins/Experimental/ProxyLODPlugin/ProxyLODPlugin.uplugin" 73
"../../../Engine/Plugins/Experimental/PythonScriptPlugin/PythonScriptPlugin.uplugin" 74
"../../../Engine/Plugins/Experimental/RawInput/RawInput.uplugin" 75
"../../../Engine/Plugins/Experimental/RemoteSession/RemoteSession.uplugin" 76
"../../../Engine/Plugins/Experimental/Shotgun/Shotgun.uplugin" 77
"../../../Engine/Plugins/Experimental/SimpleHMD/SimpleHMD.uplugin" 78
"../../../Engine/Plugins/Experimental/SkeletalReduction/SkeletalReduction.uplugin" 79
"../../../Engine/Plugins/Experimental/StereoPanorama/StereoPanorama.uplugin" 80
"../../../Engine/Plugins/Experimental/VirtualCamera/VirtualCamera.uplugin" 81
"../../../Engine/Plugins/Experimental/VirtualProductionUtilities/VirtualProductionUtilities.uplugin" 82
"../../../Engine/Plugins/FX/HoudiniNiagara/HoudiniNiagara.uplugin" 83
"../../../Engine/Plugins/FX/Niagara/Niagara.uplugin" 84
"../../../Engine/Plugins/FX/NiagaraExtras/NiagaraExtras.uplugin" 85
"../../../Engine/Plugins/Importers/USDImporter/USDImporter.uplugin" 86
"../../../Engine/Plugins/Lumin/MagicLeap/MagicLeap.uplugin" 87
"../../../Engine/Plugins/Lumin/MagicLeapCamera/MagicLeapCamera.uplugin" 88
"../../../Engine/Plugins/Lumin/MagicLeapMedia/MagicLeapMedia.uplugin" 89
"../../../Engine/Plugins/Lumin/MagicLeapScreens/MagicLeapScreens.uplugin" 90
"../../../Engine/Plugins/Media/AndroidCamera/AndroidCamera.uplugin" 91
"../../../Engine/Plugins/Media/AndroidMedia/AndroidMedia.uplugin" 92
"../../../Engine/Plugins/Media/AudioCaptureTimecodeProvider/AudioCaptureTimecodeProvider.uplugin" 93
"../../../Engine/Plugins/Media/AvfMedia/AvfMedia.uplugin" 94
"../../../Engine/Plugins/Media/ImgMedia/ImgMedia.uplugin" 95
"../../../Engine/Plugins/Media/LinearTimecode/LinearTimecode.uplugin" 96
"../../../Engine/Plugins/Media/MediaCompositing/MediaCompositing.uplugin" 97
"../../../Engine/Plugins/Media/MediaFrameworkUtilities/MediaFrameworkUtilities.uplugin" 98
"../../../Engine/Plugins/Media/MediaIOFramework/MediaIOFramework.uplugin" 99
"../../../Engine/Plugins/Media/MediaPlayerEditor/MediaPlayerEditor.uplugin" 100
"../../../Engine/Plugins/Media/MfMedia/MfMedia.uplugin" 101
"../../../Engine/Plugins/Media/TimecodeSynchronizer/TimecodeSynchronizer.uplugin" 102
"../../../Engine/Plugins/Media/WebMMedia/WebMMedia.uplugin" 103
"../../../Engine/Plugins/Media/WmfMedia/WmfMedia.uplugin" 104
"../../../Engine/Plugins/Messaging/MessagingDebugger/MessagingDebugger.uplugin" 105
"../../../Engine/Plugins/Messaging/TcpMessaging/TcpMessaging.uplugin" 106
"../../../Engine/Plugins/Messaging/UdpMessaging/UdpMessaging.uplugin" 107
"../../../Engine/Plugins/MovieScene/ActorSequence/ActorSequence.uplugin" 108
"../../../Engine/Plugins/MovieScene/LevelSequenceEditor/LevelSequenceEditor.uplugin" 109
"../../../Engine/Plugins/MovieScene/MatineeToLevelSequence/MatineeToLevelSequence.uplugin" 110
"../../../Engine/Plugins/MovieScene/SequencerScripting/SequencerScripting.uplugin" 111
"../../../Engine/Plugins/NetcodeUnitTest/NetcodeUnitTest/NetcodeUnitTest.uplugin" 112
"../../../Engine/Plugins/NetcodeUnitTest/NUTUnrealEngine4/NUTUnrealEngine4.uplugin" 113
"../../../Engine/Plugins/Online/Android/OnlineSubsystemGameCircle/OnlineSubsystemGameCircle.uplugin" 114
"../../../Engine/Plugins/Online/Android/OnlineSubsystemGooglePlay/OnlineSubsystemGooglePlay.uplugin" 115
"../../../Engine/Plugins/Online/IOS/OnlineSubsystemIOS/OnlineSubsystemIOS.uplugin" 116
"../../../Engine/Plugins/Online/OnlineFramework/OnlineFramework.uplugin" 117
"../../../Engine/Plugins/Online/OnlineSubsystem/OnlineSubsystem.uplugin" 118
"../../../Engine/Plugins/Online/OnlineSubsystemAmazon/OnlineSubsystemAmazon.uplugin" 119
"../../../Engine/Plugins/Online/OnlineSubsystemFacebook/OnlineSubsystemFacebook.uplugin" 120
"../../../Engine/Plugins/Online/OnlineSubsystemGoogle/OnlineSubsystemGoogle.uplugin" 121
"../../../Engine/Plugins/Online/OnlineSubsystemNull/OnlineSubsystemNull.uplugin" 122
"../../../Engine/Plugins/Online/OnlineSubsystemOculus/OnlineSubsystemOculus.uplugin" 123
"../../../Engine/Plugins/Online/OnlineSubsystemSteam/OnlineSubsystemSteam.uplugin" 124
"../../../Engine/Plugins/Online/OnlineSubsystemTwitch/OnlineSubsystemTwitch.uplugin" 125
"../../../Engine/Plugins/Online/OnlineSubsystemUtils/OnlineSubsystemUtils.uplugin" 126
"../../../Engine/Plugins/Online/VoiceChat/VivoxVoiceChat/VivoxVoiceChat.uplugin" 127
"../../../Engine/Plugins/Performance/PerformanceMonitor/PerformanceMonitor.uplugin" 128
"../../../Engine/Plugins/Portal/LauncherChunkInstaller/LauncherChunkInstaller.uplugin" 129
"../../../Engine/Plugins/Runtime/Advertising/IOSTapJoy/IOSTapJoy.uplugin" 130
"../../../Engine/Plugins/Runtime/Analytics/Adjust/Adjust.uplugin" 131
"../../../Engine/Plugins/Runtime/Analytics/AnalyticsBlueprintLibrary/AnalyticsBlueprintLibrary.uplugin" 132
"../../../Engine/Plugins/Runtime/Analytics/AnalyticsMulticast/AnalyticsMulticast.uplugin" 133
"../../../Engine/Plugins/Runtime/Analytics/Apsalar/Apsalar.uplugin" 134
"../../../Engine/Plugins/Runtime/Analytics/FileLogging/FileLogging.uplugin" 135
"../../../Engine/Plugins/Runtime/Analytics/Flurry/Flurry.uplugin" 136
"../../../Engine/Plugins/Runtime/AndroidDeviceProfileSelector/AndroidDeviceProfileSelector.uplugin" 137
"../../../Engine/Plugins/Runtime/AndroidMoviePlayer/AndroidMoviePlayer.uplugin" 138
"../../../Engine/Plugins/Runtime/AndroidPermission/AndroidPermission.uplugin" 139
"../../../Engine/Plugins/Runtime/AnimationBudgetAllocator/AnimationBudgetAllocator.uplugin" 140
"../../../Engine/Plugins/Runtime/AnimDistanceMatching/AnimDistanceMatching.uplugin" 141
"../../../Engine/Plugins/Runtime/ApexDestruction/ApexDestruction.uplugin" 142
"../../../Engine/Plugins/Runtime/AppleMoviePlayer/AppleMoviePlayer.uplugin" 143
"../../../Engine/Plugins/Runtime/AR/Apple/AppleARKit/AppleARKit.uplugin" 144
"../../../Engine/Plugins/Runtime/AR/Apple/AppleARKitFaceSupport/AppleARKitFaceSupport.uplugin" 145
"../../../Engine/Plugins/Runtime/AR/Google/GoogleARCore/GoogleARCore.uplugin" 146
"../../../Engine/Plugins/Runtime/AR/Google/GoogleARCoreServices/GoogleARCoreServices.uplugin" 147
"../../../Engine/Plugins/Runtime/ArchVisCharacter/ArchVisCharacter.uplugin" 148
"../../../Engine/Plugins/Runtime/AudioCapture/AudioCapture.uplugin" 149
"../../../Engine/Plugins/Runtime/CableComponent/CableComponent.uplugin" 150
"../../../Engine/Plugins/Runtime/CustomMeshComponent/CustomMeshComponent.uplugin" 151
"../../../Engine/Plugins/Runtime/Database/ADOSupport/ADOSupport.uplugin" 152
"../../../Engine/Plugins/Runtime/Database/DatabaseSupport/DatabaseSupport.uplugin" 153
"../../../Engine/Plugins/Runtime/Database/RemoteDatabaseSupport/RemoteDatabaseSupport.uplugin" 154
"../../../Engine/Plugins/Runtime/Database/SQLiteCore/SQLiteCore.uplugin" 155
"../../../Engine/Plugins/Runtime/Database/SQLiteSupport/SQLiteSupport.uplugin" 156
"../../../Engine/Plugins/Runtime/EditableMesh/EditableMesh.uplugin" 157
"../../../Engine/Plugins/Runtime/ExampleDeviceProfileSelector/ExampleDeviceProfileSelector.uplugin" 158
"../../../Engine/Plugins/Runtime/Firebase/Firebase.uplugin" 159
"../../../Engine/Plugins/Runtime/GameplayAbilities/GameplayAbilities.uplugin" 160
"../../../Engine/Plugins/Runtime/GoogleCloudMessaging/GoogleCloudMessaging.uplugin" 161
"../../../Engine/Plugins/Runtime/GoogleVR/GoogleVRController/GoogleVRController.uplugin" 162
"../../../Engine/Plugins/Runtime/GoogleVR/GoogleVRHMD/GoogleVRHMD.uplugin" 163
"../../../Engine/Plugins/Runtime/GoogleVR/GoogleVRTransition2D/GoogleVRTransition2D.uplugin" 164
"../../../Engine/Plugins/Runtime/HTTPChunkInstaller/HTTPChunkInstaller.uplugin" 165
"../../../Engine/Plugins/Runtime/IOSDeviceProfileSelector/IOSDeviceProfileSelector.uplugin" 166
"../../../Engine/Plugins/Runtime/LeapMotion/LeapMotion.uplugin" 167
"../../../Engine/Plugins/Runtime/LinuxDeviceProfileSelector/LinuxDeviceProfileSelector.uplugin" 168
"../../../Engine/Plugins/Runtime/LocationServicesAndroidImpl/LocationServicesAndroidImpl.uplugin" 169
"../../../Engine/Plugins/Runtime/LocationServicesBPLibrary/LocationServicesBPLibrary.uplugin" 170
"../../../Engine/Plugins/Runtime/LocationServicesIOSImpl/LocationServicesIOSImpl.uplugin" 171
"../../../Engine/Plugins/Runtime/MeshReconstruction/DummyMeshReconstructor/DummyMeshReconstructor.uplugin" 172
"../../../Engine/Plugins/Runtime/MIDIDevice/MIDIDevice.uplugin" 173
"../../../Engine/Plugins/Runtime/MixedRealityCaptureFramework/MixedRealityCaptureFramework.uplugin" 174
"../../../Engine/Plugins/Runtime/MobilePatchingUtils/MobilePatchingUtils.uplugin" 175
"../../../Engine/Plugins/Runtime/nDisplay/nDisplay.uplugin" 176
"../../../Engine/Plugins/Runtime/Nvidia/Ansel/Ansel.uplugin" 177
"../../../Engine/Plugins/Runtime/Oculus/OculusAudio/OculusAudio.uplugin" 178
"../../../Engine/Plugins/Runtime/Oculus/OculusAvatar/OculusAvatar.uplugin" 179
"../../../Engine/Plugins/Runtime/Oculus/OculusVR/OculusVR.uplugin" 180
"../../../Engine/Plugins/Runtime/OpenXR/OpenXR.uplugin" 181
"../../../Engine/Plugins/Runtime/OptionalMobileFeaturesBPLibrary/OptionalMobileFeaturesBPLibrary.uplugin" 182
"../../../Engine/Plugins/Runtime/PacketHandlers/AESHandlerComponent/AESHandlerComponent.uplugin" 183
"../../../Engine/Plugins/Runtime/PhysXVehicles/PhysXVehicles.uplugin" 184
"../../../Engine/Plugins/Runtime/PreLoadScreenMoviePlayer/PreLoadScreenMoviePlayer.uplugin" 185
"../../../Engine/Plugins/Runtime/ProceduralMeshComponent/ProceduralMeshComponent.uplugin" 186
"../../../Engine/Plugins/Runtime/ReplicationGraph/ReplicationGraph.uplugin" 187
"../../../Engine/Plugins/Runtime/ResonanceAudio/ResonanceAudio.uplugin" 188
"../../../Engine/Plugins/Runtime/RuntimePhysXCooking/RuntimePhysXCooking.uplugin" 189
"../../../Engine/Plugins/Runtime/SignificanceManager/SignificanceManager.uplugin" 190
"../../../Engine/Plugins/Runtime/SoundMod/SoundMod.uplugin" 191
"../../../Engine/Plugins/Runtime/SoundUtilities/SoundUtilities.uplugin" 192
"../../../Engine/Plugins/Runtime/SoundVisualizations/SoundVisualizations.uplugin" 193
"../../../Engine/Plugins/Runtime/Spatialization/Spatialization.uplugin" 194
"../../../Engine/Plugins/Runtime/Steam/SteamAudio/SteamAudio.uplugin" 195
"../../../Engine/Plugins/Runtime/Steam/SteamController/SteamController.uplugin" 196
"../../../Engine/Plugins/Runtime/Steam/SteamVR/SteamVR.uplugin" 197
"../../../Engine/Plugins/Runtime/SunPosition/SunPosition.uplugin" 198
"../../../Engine/Plugins/Runtime/Synthesis/Synthesis.uplugin" 199
"../../../Engine/Plugins/Runtime/TimeSynth/TimeSynth.uplugin" 200
"../../../Engine/Plugins/Runtime/WebBrowserWidget/WebBrowserWidget.uplugin" 201
"../../../Engine/Plugins/Runtime/WebMMoviePlayer/WebMMoviePlayer.uplugin" 202
"../../../Engine/Plugins/Runtime/WindowsDeviceProfileSelector/WindowsDeviceProfileSelector.uplugin" 203
"../../../Engine/Plugins/Runtime/WindowsMixedReality/WindowsMixedReality.uplugin" 204
"../../../Engine/Plugins/Runtime/WindowsMoviePlayer/WindowsMoviePlayer.uplugin" 205
"../../../Engine/Plugins/ScriptPlugin/ScriptPlugin.uplugin" 206
"../../../Engine/Plugins/Slate/SlateRemote/SlateRemote.uplugin" 207
"../../../Engine/Plugins/Tests/EditorTests/EditorTests.uplugin" 208
"../../../Engine/Plugins/Tests/FbxAutomationTestBuilder/FbxAutomationTestBuilder.uplugin" 209
"../../../Engine/Plugins/Tests/FunctionalTestingEditor/FunctionalTestingEditor.uplugin" 210
"../../../Engine/Plugins/Tests/RuntimeTests/RuntimeTests.uplugin" 211
"../../../Engine/Plugins/Tests/ScreenshotTools/ScreenshotTools.uplugin" 212
"../../../Engine/Plugins/VirtualProduction/Takes/Takes.uplugin" 213
